<?xml version="1.0" encoding="UTF-8"?>
<testsuite name="io.djb.ConnectionTest" tests="37" skipped="0" failures="0" errors="0" timestamp="2026-03-15T23:38:18" hostname="x1" time="0.919">
  <properties/>
  <testcase name="transactionRollback()" classname="io.djb.ConnectionTest" time="0.129"/>
  <testcase name="continuousParameterizedQueries()" classname="io.djb.ConnectionTest" time="0.054"/>
  <testcase name="queryImplicitlyFlushesPending()" classname="io.djb.ConnectionTest" time="0.048"/>
  <testcase name="multiStatementSimpleQuery()" classname="io.djb.ConnectionTest" time="0.048"/>
  <testcase name="pipelineEmptyFlush()" classname="io.djb.ConnectionTest" time="0.044"/>
  <testcase name="pipelineWithIndexReturn()" classname="io.djb.ConnectionTest" time="0.02"/>
  <testcase name="connectAndClose()" classname="io.djb.ConnectionTest" time="0.014"/>
  <testcase name="simpleSelect()" classname="io.djb.ConnectionTest" time="0.015"/>
  <testcase name="dataTypeBytea()" classname="io.djb.ConnectionTest" time="0.015"/>
  <testcase name="parameterizedSelect()" classname="io.djb.ConnectionTest" time="0.015"/>
  <testcase name="emptyQuery()" classname="io.djb.ConnectionTest" time="0.015"/>
  <testcase name="dataTypeNumeric()" classname="io.djb.ConnectionTest" time="0.016"/>
  <testcase name="pipelineSimpleStatements()" classname="io.djb.ConnectionTest" time="0.017"/>
  <testcase name="pipelineTransaction()" classname="io.djb.ConnectionTest" time="0.02"/>
  <testcase name="parameterizedWithNull()" classname="io.djb.ConnectionTest" time="0.015"/>
  <testcase name="dataTypeDateAndTime()" classname="io.djb.ConnectionTest" time="0.018"/>
  <testcase name="parameterizedInsertAndSelect()" classname="io.djb.ConnectionTest" time="0.019"/>
  <testcase name="simpleSelectMultipleRows()" classname="io.djb.ConnectionTest" time="0.015"/>
  <testcase name="connectionUsableAfterParameterizedError()" classname="io.djb.ConnectionTest" time="0.017"/>
  <testcase name="pipelineErrorDoesNotPoisonSubsequent()" classname="io.djb.ConnectionTest" time="0.016"/>
  <testcase name="simpleQueryError()" classname="io.djb.ConnectionTest" time="0.017"/>
  <testcase name="dataTypeNull()" classname="io.djb.ConnectionTest" time="0.016"/>
  <testcase name="dataTypeText()" classname="io.djb.ConnectionTest" time="0.016"/>
  <testcase name="dataTypeUUID()" classname="io.djb.ConnectionTest" time="0.016"/>
  <testcase name="simpleInsertUpdateDelete()" classname="io.djb.ConnectionTest" time="0.019"/>
  <testcase name="pipelineTransactionWithReturning()" classname="io.djb.ConnectionTest" time="0.028"/>
  <testcase name="connectWithWrongPassword()" classname="io.djb.ConnectionTest" time="0.015"/>
  <testcase name="continuousSimpleQueries()" classname="io.djb.ConnectionTest" time="0.027"/>
  <testcase name="dataTypeBoolean()" classname="io.djb.ConnectionTest" time="0.016"/>
  <testcase name="connectionUsableAfterError()" classname="io.djb.ConnectionTest" time="0.016"/>
  <testcase name="connectWithWrongDatabase()" classname="io.djb.ConnectionTest" time="0.014"/>
  <testcase name="mixedSimpleAndParameterizedPipeline()" classname="io.djb.ConnectionTest" time="0.016"/>
  <testcase name="parameterizedQueryError()" classname="io.djb.ConnectionTest" time="0.016"/>
  <testcase name="largeResultSet()" classname="io.djb.ConnectionTest" time="0.033"/>
  <testcase name="pipelineParameterized()" classname="io.djb.ConnectionTest" time="0.02"/>
  <testcase name="pipelineSetupAndQuery()" classname="io.djb.ConnectionTest" time="0.017"/>
  <testcase name="transactionCommit()" classname="io.djb.ConnectionTest" time="0.018"/>
  <system-out><![CDATA[]]></system-out>
  <system-err><![CDATA[SLF4J: Failed to load class "org.slf4j.impl.StaticLoggerBinder".
SLF4J: Defaulting to no-operation (NOP) logger implementation
SLF4J: See http://www.slf4j.org/codes.html#StaticLoggerBinder for further details.
]]></system-err>
</testsuite>
