<?xml version="1.0" encoding="UTF-8"?>
<testsuite name="io.djb.impl.codec.PgEncoderTest" tests="15" skipped="0" failures="0" errors="0" timestamp="2026-03-15T23:38:19" hostname="x1" time="0.015">
  <properties/>
  <testcase name="queryMessage()" classname="io.djb.impl.codec.PgEncoderTest" time="0.001"/>
  <testcase name="flushClearsBuffer()" classname="io.djb.impl.codec.PgEncoderTest" time="0.001"/>
  <testcase name="parseMessage()" classname="io.djb.impl.codec.PgEncoderTest" time="0.001"/>
  <testcase name="sslRequest()" classname="io.djb.impl.codec.PgEncoderTest" time="0.001"/>
  <testcase name="syncMessage()" classname="io.djb.impl.codec.PgEncoderTest" time="0.001"/>
  <testcase name="passwordMessage()" classname="io.djb.impl.codec.PgEncoderTest" time="0.001"/>
  <testcase name="multipleMessagesInSingleFlush()" classname="io.djb.impl.codec.PgEncoderTest" time="0.001"/>
  <testcase name="executeMessage()" classname="io.djb.impl.codec.PgEncoderTest" time="0.0"/>
  <testcase name="bindMessage()" classname="io.djb.impl.codec.PgEncoderTest" time="0.0"/>
  <testcase name="parseMessageNoParams()" classname="io.djb.impl.codec.PgEncoderTest" time="0.0"/>
  <testcase name="startupMessageWithProperties()" classname="io.djb.impl.codec.PgEncoderTest" time="0.0"/>
  <testcase name="describePortal()" classname="io.djb.impl.codec.PgEncoderTest" time="0.0"/>
  <testcase name="bindMessageNoParams()" classname="io.djb.impl.codec.PgEncoderTest" time="0.001"/>
  <testcase name="terminateMessage()" classname="io.djb.impl.codec.PgEncoderTest" time="0.001"/>
  <testcase name="startupMessage()" classname="io.djb.impl.codec.PgEncoderTest" time="0.001"/>
  <system-out><![CDATA[]]></system-out>
  <system-err><![CDATA[]]></system-err>
</testsuite>
