<?xml version="1.0" encoding="UTF-8"?>
<testsuite name="io.djb.impl.auth.MD5AuthenticationTest" tests="2" skipped="0" failures="0" errors="0" timestamp="2026-03-15T23:38:19" hostname="x1" time="0.003">
  <properties/>
  <testcase name="encode()" classname="io.djb.impl.auth.MD5AuthenticationTest" time="0.002"/>
  <testcase name="encodeWithEmptySalt()" classname="io.djb.impl.auth.MD5AuthenticationTest" time="0.0"/>
  <system-out><![CDATA[]]></system-out>
  <system-err><![CDATA[]]></system-err>
</testsuite>
